# JRE version: OpenJDK Runtime Environment Zulu11.58+15-CA (11.0.16+8) (build 11.0.16+8-LTS)
# Java VM: OpenJDK 64-Bit Server VM Zulu11.58+15-CA (11.0.16+8-LTS, mixed mode, tiered, compressed oops, g1 gc, windows-amd64)
Heap:
 garbage-first heap   total 766976K, used 345453K [0x0000000080000000, 0x0000000100000000)
  region size 1024K, 5 young (5120K), 5 survivors (5120K)
 Metaspace       used 162620K, capacity 168084K, committed 168368K, reserved 1196032K
  class space    used 20021K, capacity 21956K, committed 22016K, reserved 1048576K
GC Heap History (20 events):
Event: 1465.672 GC heap after
{Heap after GC invocations=220 (full 0):
 garbage-first heap   total 416768K, used 258985K [0x0000000080000000, 0x0000000100000000)
  region size 1024K, 3 young (3072K), 3 survivors (3072K)
 Metaspace       used 160922K, capacity 166328K, committed 166448K, reserved 1193984K
  class space    used 19868K, capacity 21770K, committed 21888K, reserved 1048576K
}
Event: 1465.744 GC heap before
{Heap before GC invocations=220 (full 0):
 garbage-first heap   total 416768K, used 276393K [0x0000000080000000, 0x0000000100000000)
  region size 1024K, 20 young (20480K), 3 survivors (3072K)
 Metaspace       used 160923K, capacity 166328K, committed 166448K, reserved 1193984K
  class space    used 19868K, capacity 21770K, committed 21888K, reserved 1048576K
}
Event: 1465.751 GC heap after
{Heap after GC invocations=221 (full 0):
 garbage-first heap   total 416768K, used 257733K [0x0000000080000000, 0x0000000100000000)
  region size 1024K, 2 young (2048K), 2 survivors (2048K)
 Metaspace       used 160923K, capacity 166328K, committed 166448K, reserved 1193984K
  class space    used 19868K, capacity 21770K, committed 21888K, reserved 1048576K
}
Event: 1466.179 GC heap before
{Heap before GC invocations=221 (full 0):
 garbage-first heap   total 416768K, used 367301K [0x0000000080000000, 0x0000000100000000)
  region size 1024K, 109 young (111616K), 2 survivors (2048K)
 Metaspace       used 160930K, capacity 166328K, committed 166448K, reserved 1193984K
  class space    used 19868K, capacity 21770K, committed 21888K, reserved 1048576K
}
Event: 1466.185 GC heap after
{Heap after GC invocations=222 (full 0):
 garbage-first heap   total 416768K, used 258096K [0x0000000080000000, 0x0000000100000000)
  region size 1024K, 3 young (3072K), 3 survivors (3072K)
 Metaspace       used 160930K, capacity 166328K, committed 166448K, reserved 1193984K
  class space    used 19868K, capacity 21770K, committed 21888K, reserved 1048576K
}
Event: 1466.876 GC heap before
{Heap before GC invocations=223 (full 0):
 garbage-first heap   total 416768K, used 367664K [0x0000000080000000, 0x0000000100000000)
  region size 1024K, 110 young (112640K), 3 survivors (3072K)
 Metaspace       used 160932K, capacity 166328K, committed 166448K, reserved 1193984K
  class space    used 19868K, capacity 21770K, committed 21888K, reserved 1048576K
}
Event: 1466.883 GC heap after
{Heap after GC invocations=224 (full 0):
 garbage-first heap   total 416768K, used 258608K [0x0000000080000000, 0x0000000100000000)
  region size 1024K, 3 young (3072K), 3 survivors (3072K)
 Metaspace       used 160932K, capacity 166328K, committed 166448K, reserved 1193984K
  class space    used 19868K, capacity 21770K, committed 21888K, reserved 1048576K
}
Event: 1466.931 GC heap before
{Heap before GC invocations=224 (full 0):
 garbage-first heap   total 416768K, used 276016K [0x0000000080000000, 0x0000000100000000)
  region size 1024K, 20 young (20480K), 3 survivors (3072K)
 Metaspace       used 160932K, capacity 166328K, committed 166448K, reserved 1193984K
  class space    used 19868K, capacity 21770K, committed 21888K, reserved 1048576K
}
Event: 1466.945 GC heap after
{Heap after GC invocations=225 (full 0):
 garbage-first heap   total 416768K, used 257463K [0x0000000080000000, 0x0000000100000000)
  region size 1024K, 3 young (3072K), 3 survivors (3072K)
 Metaspace       used 160932K, capacity 166328K, committed 166448K, reserved 1193984K
  class space    used 19868K, capacity 21770K, committed 21888K, reserved 1048576K
}
Event: 1467.305 GC heap before
{Heap before GC invocations=225 (full 0):
 garbage-first heap   total 416768K, used 367031K [0x0000000080000000, 0x0000000100000000)
  region size 1024K, 110 young (112640K), 3 survivors (3072K)
 Metaspace       used 160951K, capacity 166335K, committed 166704K, reserved 1193984K
  class space    used 19870K, capacity 21772K, committed 21888K, reserved 1048576K
}
Event: 1467.313 GC heap after
{Heap after GC invocations=226 (full 0):
 garbage-first heap   total 416768K, used 257362K [0x0000000080000000, 0x0000000100000000)
  region size 1024K, 3 young (3072K), 3 survivors (3072K)
 Metaspace       used 160951K, capacity 166335K, committed 166704K, reserved 1193984K
  class space    used 19870K, capacity 21772K, committed 21888K, reserved 1048576K
}
Event: 1469.201 GC heap before
{Heap before GC invocations=227 (full 0):
 garbage-first heap   total 416768K, used 415058K [0x0000000080000000, 0x0000000100000000)
  region size 1024K, 108 young (110592K), 3 survivors (3072K)
 Metaspace       used 162141K, capacity 167505K, committed 167728K, reserved 1196032K
  class space    used 19968K, capacity 21869K, committed 21888K, reserved 1048576K
}
Event: 1469.276 GC heap after
{Heap after GC invocations=228 (full 0):
 garbage-first heap   total 434176K, used 300764K [0x0000000080000000, 0x0000000100000000)
  region size 1024K, 14 young (14336K), 14 survivors (14336K)
 Metaspace       used 162141K, capacity 167505K, committed 167728K, reserved 1196032K
  class space    used 19968K, capacity 21869K, committed 21888K, reserved 1048576K
}
Event: 1469.385 GC heap before
{Heap before GC invocations=228 (full 0):
 garbage-first heap   total 434176K, used 307932K [0x0000000080000000, 0x0000000100000000)
  region size 1024K, 21 young (21504K), 14 survivors (14336K)
 Metaspace       used 162142K, capacity 167505K, committed 167728K, reserved 1196032K
  class space    used 19968K, capacity 21869K, committed 21888K, reserved 1048576K
}
Event: 1469.474 GC heap after
{Heap after GC invocations=229 (full 0):
 garbage-first heap   total 434176K, used 300878K [0x0000000080000000, 0x0000000100000000)
  region size 1024K, 3 young (3072K), 3 survivors (3072K)
 Metaspace       used 162142K, capacity 167505K, committed 167728K, reserved 1196032K
  class space    used 19968K, capacity 21869K, committed 21888K, reserved 1048576K
}
Event: 1469.794 GC heap before
{Heap before GC invocations=229 (full 0):
 garbage-first heap   total 434176K, used 320334K [0x0000000080000000, 0x0000000100000000)
  region size 1024K, 23 young (23552K), 3 survivors (3072K)
 Metaspace       used 162142K, capacity 167505K, committed 167728K, reserved 1196032K
  class space    used 19968K, capacity 21869K, committed 21888K, reserved 1048576K
}
Event: 1469.847 GC heap after
{Heap after GC invocations=230 (full 0):
 garbage-first heap   total 434176K, used 308552K [0x0000000080000000, 0x0000000100000000)
  region size 1024K, 9 young (9216K), 9 survivors (9216K)
 Metaspace       used 162142K, capacity 167505K, committed 167728K, reserved 1196032K
  class space    used 19968K, capacity 21869K, committed 21888K, reserved 1048576K
}
Event: 1471.015 GC heap before
{Heap before GC invocations=230 (full 0):
 garbage-first heap   total 434176K, used 353608K [0x0000000080000000, 0x0000000100000000)
  region size 1024K, 52 young (53248K), 9 survivors (9216K)
 Metaspace       used 162601K, capacity 168082K, committed 168368K, reserved 1196032K
  class space    used 20021K, capacity 21956K, committed 22016K, reserved 1048576K
}
Event: 1471.065 GC heap after
{Heap after GC invocations=231 (full 0):
 garbage-first heap   total 434176K, used 328946K [0x0000000080000000, 0x0000000100000000)
  region size 1024K, 7 young (7168K), 7 survivors (7168K)
 Metaspace       used 162601K, capacity 168082K, committed 168368K, reserved 1196032K
  class space    used 20021K, capacity 21956K, committed 22016K, reserved 1048576K
}
Event: 1471.161 GC heap before
{Heap before GC invocations=231 (full 0):
 garbage-first heap   total 434176K, used 359666K [0x0000000080000000, 0x0000000100000000)
  region size 1024K, 38 young (38912K), 7 survivors (7168K)
 Metaspace       used 162620K, capacity 168084K, committed 168368K, reserved 1196032K
  class space    used 20021K, capacity 21956K, committed 22016K, reserved 1048576K
}

